{"level":"info","message":"Hello there!","service":"acquisitions-api"}
{"level":"info","message":"::1 - - [23/Dec/2025:19:49:21 +0000] \"GET / HTTP/1.1\" 304 - \"-\" \"Mozilla/5.0 (Macintosh; Intel Mac OS X 10_15_7) AppleWebKit/537.36 (KHTML, like Gecko) Chrome/142.0.0.0 Safari/537.36\"","service":"acquisitions-api"}
{"level":"info","message":"Hello there!","service":"acquisitions-api"}
{"level":"info","message":"::1 - - [23/Dec/2025:19:53:31 +0000] \"GET / HTTP/1.1\" 200 12 \"-\" \"HTTPie\"","service":"acquisitions-api"}
{"level":"info","message":"::1 - - [23/Dec/2025:19:53:50 +0000] \"GET /api HTTP/1.1\" 200 28 \"-\" \"HTTPie\"","service":"acquisitions-api"}
{"level":"info","message":"::1 - - [23/Dec/2025:19:53:59 +0000] \"GET /health HTTP/1.1\" 200 77 \"-\" \"HTTPie\"","service":"acquisitions-api"}
{"level":"info","message":"::1 - - [23/Dec/2025:19:54:19 +0000] \"POST /api/auth/sign-in HTTP/1.1\" 200 31 \"-\" \"HTTPie\"","service":"acquisitions-api"}
{"level":"info","message":"::1 - - [23/Dec/2025:20:49:39 +0000] \"POST /api/auth/sign-up HTTP/1.1\" 200 31 \"-\" \"HTTPie\"","service":"acquisitions-api"}
{"level":"error","message":"Signup error Cannot read properties of undefined (reading 'map')","service":"acquisitions-api","stack":"TypeError: Cannot read properties of undefined (reading 'map')\n    at formatValidationError (file:///Users/ericchiu/Desktop/freedom/docker/project/acquisitions/src/utils/format.js:4:58)\n    at signup (file:///Users/ericchiu/Desktop/freedom/docker/project/acquisitions/src/controller/auth.controller.js:15:18)\n    at Layer.handleRequest (/Users/ericchiu/Desktop/freedom/docker/project/acquisitions/node_modules/router/lib/layer.js:152:17)\n    at next (/Users/ericchiu/Desktop/freedom/docker/project/acquisitions/node_modules/router/lib/route.js:157:13)\n    at Route.dispatch (/Users/ericchiu/Desktop/freedom/docker/project/acquisitions/node_modules/router/lib/route.js:117:3)\n    at handle (/Users/ericchiu/Desktop/freedom/docker/project/acquisitions/node_modules/router/index.js:435:11)\n    at Layer.handleRequest (/Users/ericchiu/Desktop/freedom/docker/project/acquisitions/node_modules/router/lib/layer.js:152:17)\n    at /Users/ericchiu/Desktop/freedom/docker/project/acquisitions/node_modules/router/index.js:295:15\n    at processParams (/Users/ericchiu/Desktop/freedom/docker/project/acquisitions/node_modules/router/index.js:582:12)\n    at next (/Users/ericchiu/Desktop/freedom/docker/project/acquisitions/node_modules/router/index.js:291:5)"}
{"level":"info","message":"::1 - - [23/Dec/2025:21:57:56 +0000] \"POST /api/auth/sign-up HTTP/1.1\" 400 1511 \"-\" \"HTTPie\"","service":"acquisitions-api"}
{"level":"error","message":"Sign in error Cannot read properties of undefined (reading 'map')","service":"acquisitions-api","stack":"TypeError: Cannot read properties of undefined (reading 'map')\n    at formatValidationError (file:///Users/ericchiu/Desktop/freedom/docker/project/acquisitions/src/utils/format.js:4:58)\n    at signIn (file:///Users/ericchiu/Desktop/freedom/docker/project/acquisitions/src/controller/auth.controller.js:59:18)\n    at Layer.handleRequest (/Users/ericchiu/Desktop/freedom/docker/project/acquisitions/node_modules/router/lib/layer.js:152:17)\n    at next (/Users/ericchiu/Desktop/freedom/docker/project/acquisitions/node_modules/router/lib/route.js:157:13)\n    at Route.dispatch (/Users/ericchiu/Desktop/freedom/docker/project/acquisitions/node_modules/router/lib/route.js:117:3)\n    at handle (/Users/ericchiu/Desktop/freedom/docker/project/acquisitions/node_modules/router/index.js:435:11)\n    at Layer.handleRequest (/Users/ericchiu/Desktop/freedom/docker/project/acquisitions/node_modules/router/lib/layer.js:152:17)\n    at /Users/ericchiu/Desktop/freedom/docker/project/acquisitions/node_modules/router/index.js:295:15\n    at processParams (/Users/ericchiu/Desktop/freedom/docker/project/acquisitions/node_modules/router/index.js:582:12)\n    at next (/Users/ericchiu/Desktop/freedom/docker/project/acquisitions/node_modules/router/index.js:291:5)"}
{"level":"info","message":"::1 - - [23/Dec/2025:21:58:02 +0000] \"POST /api/auth/sign-in HTTP/1.1\" 400 1511 \"-\" \"HTTPie\"","service":"acquisitions-api"}
{"level":"info","message":"::1 - - [23/Dec/2025:21:58:28 +0000] \"POST /sign-up HTTP/1.1\" 404 147 \"-\" \"HTTPie\"","service":"acquisitions-api"}
{"level":"error","message":"Sign in error Cannot read properties of undefined (reading 'map')","service":"acquisitions-api","stack":"TypeError: Cannot read properties of undefined (reading 'map')\n    at formatValidationError (file:///Users/ericchiu/Desktop/freedom/docker/project/acquisitions/src/utils/format.js:4:58)\n    at signIn (file:///Users/ericchiu/Desktop/freedom/docker/project/acquisitions/src/controller/auth.controller.js:59:18)\n    at Layer.handleRequest (/Users/ericchiu/Desktop/freedom/docker/project/acquisitions/node_modules/router/lib/layer.js:152:17)\n    at next (/Users/ericchiu/Desktop/freedom/docker/project/acquisitions/node_modules/router/lib/route.js:157:13)\n    at Route.dispatch (/Users/ericchiu/Desktop/freedom/docker/project/acquisitions/node_modules/router/lib/route.js:117:3)\n    at handle (/Users/ericchiu/Desktop/freedom/docker/project/acquisitions/node_modules/router/index.js:435:11)\n    at Layer.handleRequest (/Users/ericchiu/Desktop/freedom/docker/project/acquisitions/node_modules/router/lib/layer.js:152:17)\n    at /Users/ericchiu/Desktop/freedom/docker/project/acquisitions/node_modules/router/index.js:295:15\n    at processParams (/Users/ericchiu/Desktop/freedom/docker/project/acquisitions/node_modules/router/index.js:582:12)\n    at next (/Users/ericchiu/Desktop/freedom/docker/project/acquisitions/node_modules/router/index.js:291:5)"}
{"level":"info","message":"::1 - - [23/Dec/2025:21:59:16 +0000] \"POST /api/auth/sign-in HTTP/1.1\" 400 1511 \"-\" \"HTTPie\"","service":"acquisitions-api"}
{"level":"error","message":"Sign in error Cannot read properties of undefined (reading 'map')","service":"acquisitions-api","stack":"TypeError: Cannot read properties of undefined (reading 'map')\n    at formatValidationError (file:///Users/ericchiu/Desktop/freedom/docker/project/acquisitions/src/utils/format.js:4:58)\n    at signIn (file:///Users/ericchiu/Desktop/freedom/docker/project/acquisitions/src/controller/auth.controller.js:59:18)\n    at Layer.handleRequest (/Users/ericchiu/Desktop/freedom/docker/project/acquisitions/node_modules/router/lib/layer.js:152:17)\n    at next (/Users/ericchiu/Desktop/freedom/docker/project/acquisitions/node_modules/router/lib/route.js:157:13)\n    at Route.dispatch (/Users/ericchiu/Desktop/freedom/docker/project/acquisitions/node_modules/router/lib/route.js:117:3)\n    at handle (/Users/ericchiu/Desktop/freedom/docker/project/acquisitions/node_modules/router/index.js:435:11)\n    at Layer.handleRequest (/Users/ericchiu/Desktop/freedom/docker/project/acquisitions/node_modules/router/lib/layer.js:152:17)\n    at /Users/ericchiu/Desktop/freedom/docker/project/acquisitions/node_modules/router/index.js:295:15\n    at processParams (/Users/ericchiu/Desktop/freedom/docker/project/acquisitions/node_modules/router/index.js:582:12)\n    at next (/Users/ericchiu/Desktop/freedom/docker/project/acquisitions/node_modules/router/index.js:291:5)"}
{"level":"info","message":"::1 - - [23/Dec/2025:21:59:18 +0000] \"POST /api/auth/sign-in HTTP/1.1\" 400 1511 \"-\" \"HTTPie\"","service":"acquisitions-api"}
{"level":"info","message":"User signed out successfully","service":"acquisitions-api"}
{"level":"info","message":"::1 - - [23/Dec/2025:21:59:21 +0000] \"POST /api/auth/sign-out HTTP/1.1\" 200 42 \"-\" \"HTTPie\"","service":"acquisitions-api"}
{"level":"error","message":"Sign in error Cannot read properties of undefined (reading 'map')","service":"acquisitions-api","stack":"TypeError: Cannot read properties of undefined (reading 'map')\n    at formatValidationError (file:///Users/ericchiu/Desktop/freedom/docker/project/acquisitions/src/utils/format.js:4:58)\n    at signIn (file:///Users/ericchiu/Desktop/freedom/docker/project/acquisitions/src/controller/auth.controller.js:59:18)\n    at Layer.handleRequest (/Users/ericchiu/Desktop/freedom/docker/project/acquisitions/node_modules/router/lib/layer.js:152:17)\n    at next (/Users/ericchiu/Desktop/freedom/docker/project/acquisitions/node_modules/router/lib/route.js:157:13)\n    at Route.dispatch (/Users/ericchiu/Desktop/freedom/docker/project/acquisitions/node_modules/router/lib/route.js:117:3)\n    at handle (/Users/ericchiu/Desktop/freedom/docker/project/acquisitions/node_modules/router/index.js:435:11)\n    at Layer.handleRequest (/Users/ericchiu/Desktop/freedom/docker/project/acquisitions/node_modules/router/lib/layer.js:152:17)\n    at /Users/ericchiu/Desktop/freedom/docker/project/acquisitions/node_modules/router/index.js:295:15\n    at processParams (/Users/ericchiu/Desktop/freedom/docker/project/acquisitions/node_modules/router/index.js:582:12)\n    at next (/Users/ericchiu/Desktop/freedom/docker/project/acquisitions/node_modules/router/index.js:291:5)"}
{"level":"info","message":"::1 - - [23/Dec/2025:21:59:27 +0000] \"POST /api/auth/sign-in HTTP/1.1\" 400 1511 \"-\" \"HTTPie\"","service":"acquisitions-api"}
{"level":"error","message":"Signup error Cannot read properties of undefined (reading 'map')","service":"acquisitions-api","stack":"TypeError: Cannot read properties of undefined (reading 'map')\n    at formatValidationError (file:///Users/ericchiu/Desktop/freedom/docker/project/acquisitions/src/utils/format.js:4:58)\n    at signup (file:///Users/ericchiu/Desktop/freedom/docker/project/acquisitions/src/controller/auth.controller.js:15:18)\n    at Layer.handleRequest (/Users/ericchiu/Desktop/freedom/docker/project/acquisitions/node_modules/router/lib/layer.js:152:17)\n    at next (/Users/ericchiu/Desktop/freedom/docker/project/acquisitions/node_modules/router/lib/route.js:157:13)\n    at Route.dispatch (/Users/ericchiu/Desktop/freedom/docker/project/acquisitions/node_modules/router/lib/route.js:117:3)\n    at handle (/Users/ericchiu/Desktop/freedom/docker/project/acquisitions/node_modules/router/index.js:435:11)\n    at Layer.handleRequest (/Users/ericchiu/Desktop/freedom/docker/project/acquisitions/node_modules/router/lib/layer.js:152:17)\n    at /Users/ericchiu/Desktop/freedom/docker/project/acquisitions/node_modules/router/index.js:295:15\n    at processParams (/Users/ericchiu/Desktop/freedom/docker/project/acquisitions/node_modules/router/index.js:582:12)\n    at next (/Users/ericchiu/Desktop/freedom/docker/project/acquisitions/node_modules/router/index.js:291:5)"}
{"level":"info","message":"::1 - - [23/Dec/2025:21:59:49 +0000] \"POST /api/auth/sign-up HTTP/1.1\" 400 1511 \"-\" \"HTTPie\"","service":"acquisitions-api"}
{"level":"error","message":"Signup error Cannot read properties of undefined (reading 'map')","service":"acquisitions-api","stack":"TypeError: Cannot read properties of undefined (reading 'map')\n    at formatValidationError (file:///Users/ericchiu/Desktop/freedom/docker/project/acquisitions/src/utils/format.js:4:58)\n    at signup (file:///Users/ericchiu/Desktop/freedom/docker/project/acquisitions/src/controller/auth.controller.js:15:18)\n    at Layer.handleRequest (/Users/ericchiu/Desktop/freedom/docker/project/acquisitions/node_modules/router/lib/layer.js:152:17)\n    at next (/Users/ericchiu/Desktop/freedom/docker/project/acquisitions/node_modules/router/lib/route.js:157:13)\n    at Route.dispatch (/Users/ericchiu/Desktop/freedom/docker/project/acquisitions/node_modules/router/lib/route.js:117:3)\n    at handle (/Users/ericchiu/Desktop/freedom/docker/project/acquisitions/node_modules/router/index.js:435:11)\n    at Layer.handleRequest (/Users/ericchiu/Desktop/freedom/docker/project/acquisitions/node_modules/router/lib/layer.js:152:17)\n    at /Users/ericchiu/Desktop/freedom/docker/project/acquisitions/node_modules/router/index.js:295:15\n    at processParams (/Users/ericchiu/Desktop/freedom/docker/project/acquisitions/node_modules/router/index.js:582:12)\n    at next (/Users/ericchiu/Desktop/freedom/docker/project/acquisitions/node_modules/router/index.js:291:5)"}
{"level":"info","message":"::1 - ieric0228 [23/Dec/2025:22:00:16 +0000] \"POST /api/auth/sign-up HTTP/1.1\" 400 1511 \"-\" \"HTTPie\"","service":"acquisitions-api"}
{"level":"info","message":"::1 - ieric0228 [23/Dec/2025:22:00:47 +0000] \"POST /api/auth/sign-up HTTP/1.1\" 400 92 \"-\" \"HTTPie\"","service":"acquisitions-api"}
{"level":"info","message":"::1 - ieric0228 [23/Dec/2025:22:00:52 +0000] \"POST /api/auth/sign-up HTTP/1.1\" 400 92 \"-\" \"HTTPie\"","service":"acquisitions-api"}
{"level":"info","message":"::1 - ieric0228 [23/Dec/2025:22:00:56 +0000] \"POST /api/auth/sign-in HTTP/1.1\" 400 92 \"-\" \"HTTPie\"","service":"acquisitions-api"}
{"level":"info","message":"::1 - ieric0228 [23/Dec/2025:22:01:03 +0000] \"POST /api/auth/sign-in HTTP/1.1\" 400 92 \"-\" \"HTTPie\"","service":"acquisitions-api"}
{"level":"info","message":"::1 - ieric0228 [23/Dec/2025:22:01:12 +0000] \"GET /api/auth/sign-in HTTP/1.1\" 404 155 \"-\" \"HTTPie\"","service":"acquisitions-api"}
{"level":"info","message":"User signed out successfully","service":"acquisitions-api"}
{"level":"info","message":"::1 - ieric0228 [23/Dec/2025:22:01:25 +0000] \"POST /api/auth/sign-out HTTP/1.1\" 200 42 \"-\" \"HTTPie\"","service":"acquisitions-api"}
{"level":"info","message":"::1 - ieric0228 [23/Dec/2025:22:01:33 +0000] \"POST / HTTP/1.1\" 404 140 \"-\" \"HTTPie\"","service":"acquisitions-api"}
{"level":"info","message":"Hello there!","service":"acquisitions-api"}
{"level":"info","message":"::1 - ieric0228 [23/Dec/2025:22:01:37 +0000] \"GET / HTTP/1.1\" 200 12 \"-\" \"HTTPie\"","service":"acquisitions-api"}
{"level":"info","message":"::1 - ieric0228 [23/Dec/2025:22:02:42 +0000] \"GET /api/auth.sign-in HTTP/1.1\" 404 155 \"-\" \"HTTPie\"","service":"acquisitions-api"}
{"level":"info","message":"::1 - ieric0228 [23/Dec/2025:22:02:48 +0000] \"POST /api/auth.sign-in HTTP/1.1\" 404 156 \"-\" \"HTTPie\"","service":"acquisitions-api"}
{"level":"info","message":"::1 - ieric0228 [23/Dec/2025:22:02:57 +0000] \"POST /api/auth/sign-in HTTP/1.1\" 400 92 \"-\" \"HTTPie\"","service":"acquisitions-api"}
{"level":"info","message":"::1 - - [23/Dec/2025:22:03:15 +0000] \"POST /api/auth/sign-in HTTP/1.1\" 400 92 \"-\" \"HTTPie\"","service":"acquisitions-api"}
{"level":"info","message":"SignIn request body:","service":"acquisitions-api"}
{"level":"info","message":"::1 - ieric0228 [23/Dec/2025:22:05:11 +0000] \"POST /api/auth/sign-in HTTP/1.1\" 400 92 \"-\" \"HTTPie\"","service":"acquisitions-api"}
{"level":"info","message":"SignIn request body:","service":"acquisitions-api"}
{"level":"info","message":"::1 - test@example.com [23/Dec/2025:22:05:36 +0000] \"POST /api/auth/sign-in HTTP/1.1\" 400 92 \"-\" \"HTTPie\"","service":"acquisitions-api"}
{"email":"test@example.com","level":"info","message":"SignIn request body:","password":"password123","service":"acquisitions-api"}
{"level":"error","message":"Error authenticating user: Error: User not found","service":"acquisitions-api"}
{"level":"error","message":"Sign in error User not found","service":"acquisitions-api","stack":"Error: User not found\n    at authenticateUser (file:///Users/ericchiu/Desktop/freedom/docker/project/acquisitions/src/services/auth.service.js:66:13)\n    at process.processTicksAndRejections (node:internal/process/task_queues:105:5)\n    at async signIn (file:///Users/ericchiu/Desktop/freedom/docker/project/acquisitions/src/controller/auth.controller.js:66:18)"}
{"level":"info","message":"::1 - test@example.com [23/Dec/2025:22:05:55 +0000] \"POST /api/auth/sign-in HTTP/1.1\" 401 31 \"-\" \"HTTPie\"","service":"acquisitions-api"}
{"level":"info","message":"::1 - test@example.com [23/Dec/2025:22:06:01 +0000] \"POST /api/auth/sign-up HTTP/1.1\" 400 92 \"-\" \"HTTPie\"","service":"acquisitions-api"}
{"level":"info","message":"::1 - test@example.com [23/Dec/2025:22:06:39 +0000] \"POST /api/auth/sign-up HTTP/1.1\" 400 92 \"-\" \"HTTPie\"","service":"acquisitions-api"}
{"level":"info","message":"::1 - test@example.com [23/Dec/2025:22:07:22 +0000] \"POST /api/auth/sign-up HTTP/1.1\" 400 92 \"-\" \"HTTPie\"","service":"acquisitions-api"}
{"level":"info","message":"::1 - test@example.com [23/Dec/2025:22:28:00 +0000] \"POST /health HTTP/1.1\" 404 146 \"-\" \"HTTPie\"","service":"acquisitions-api"}
{"level":"info","message":"::1 - test@example.com [23/Dec/2025:22:28:59 +0000] \"GET /health HTTP/1.1\" 200 76 \"-\" \"HTTPie\"","service":"acquisitions-api"}
{"level":"info","message":"::1 - test@example.com [23/Dec/2025:22:29:08 +0000] \"GET /health HTTP/1.1\" 200 77 \"-\" \"HTTPie\"","service":"acquisitions-api"}
{"level":"info","message":"::1 - test@example.com [23/Dec/2025:22:29:08 +0000] \"GET /health HTTP/1.1\" 200 77 \"-\" \"HTTPie\"","service":"acquisitions-api"}
{"level":"info","message":"::1 - test@example.com [23/Dec/2025:22:29:08 +0000] \"GET /health HTTP/1.1\" 200 77 \"-\" \"HTTPie\"","service":"acquisitions-api"}
{"level":"info","message":"::1 - test@example.com [23/Dec/2025:22:29:08 +0000] \"GET /health HTTP/1.1\" 200 77 \"-\" \"HTTPie\"","service":"acquisitions-api"}
{"level":"info","message":"::1 - test@example.com [23/Dec/2025:22:29:08 +0000] \"GET /health HTTP/1.1\" 200 77 \"-\" \"HTTPie\"","service":"acquisitions-api"}
{"level":"info","message":"::1 - test@example.com [23/Dec/2025:22:29:08 +0000] \"GET /health HTTP/1.1\" 200 77 \"-\" \"HTTPie\"","service":"acquisitions-api"}
{"level":"info","message":"::1 - test@example.com [23/Dec/2025:22:29:09 +0000] \"GET /health HTTP/1.1\" 200 74 \"-\" \"HTTPie\"","service":"acquisitions-api"}
{"level":"info","message":"::1 - test@example.com [23/Dec/2025:22:29:09 +0000] \"GET /health HTTP/1.1\" 200 77 \"-\" \"HTTPie\"","service":"acquisitions-api"}
{"level":"info","message":"::1 - test@example.com [23/Dec/2025:22:29:09 +0000] \"GET /health HTTP/1.1\" 200 77 \"-\" \"HTTPie\"","service":"acquisitions-api"}
{"level":"info","message":"::1 - test@example.com [23/Dec/2025:22:29:09 +0000] \"GET /health HTTP/1.1\" 200 77 \"-\" \"HTTPie\"","service":"acquisitions-api"}
{"level":"info","message":"::1 - test@example.com [23/Dec/2025:22:29:09 +0000] \"GET /health HTTP/1.1\" 200 77 \"-\" \"HTTPie\"","service":"acquisitions-api"}
{"level":"info","message":"::1 - test@example.com [23/Dec/2025:22:29:09 +0000] \"GET /health HTTP/1.1\" 200 77 \"-\" \"HTTPie\"","service":"acquisitions-api"}
{"level":"info","message":"::1 - test@example.com [23/Dec/2025:22:29:09 +0000] \"GET /health HTTP/1.1\" 200 77 \"-\" \"HTTPie\"","service":"acquisitions-api"}
{"level":"info","message":"::1 - test@example.com [23/Dec/2025:22:29:10 +0000] \"GET /health HTTP/1.1\" 200 77 \"-\" \"HTTPie\"","service":"acquisitions-api"}
{"level":"info","message":"::1 - test@example.com [23/Dec/2025:22:29:10 +0000] \"GET /health HTTP/1.1\" 200 76 \"-\" \"HTTPie\"","service":"acquisitions-api"}
{"level":"info","message":"::1 - test@example.com [23/Dec/2025:22:29:10 +0000] \"GET /health HTTP/1.1\" 200 77 \"-\" \"HTTPie\"","service":"acquisitions-api"}
{"level":"info","message":"::1 - test@example.com [23/Dec/2025:22:29:11 +0000] \"GET /health HTTP/1.1\" 200 77 \"-\" \"HTTPie\"","service":"acquisitions-api"}
{"level":"info","message":"::1 - test@example.com [23/Dec/2025:22:29:11 +0000] \"GET /health HTTP/1.1\" 200 77 \"-\" \"HTTPie\"","service":"acquisitions-api"}
{"level":"info","message":"::1 - test@example.com [23/Dec/2025:22:29:11 +0000] \"GET /health HTTP/1.1\" 200 75 \"-\" \"HTTPie\"","service":"acquisitions-api"}
{"level":"info","message":"::1 - test@example.com [23/Dec/2025:22:29:11 +0000] \"GET /health HTTP/1.1\" 200 77 \"-\" \"HTTPie\"","service":"acquisitions-api"}
{"level":"info","message":"::1 - test@example.com [23/Dec/2025:22:29:11 +0000] \"GET /health HTTP/1.1\" 200 77 \"-\" \"HTTPie\"","service":"acquisitions-api"}
{"level":"info","message":"::1 - test@example.com [23/Dec/2025:22:29:12 +0000] \"GET /health HTTP/1.1\" 200 77 \"-\" \"HTTPie\"","service":"acquisitions-api"}
{"level":"info","message":"::1 - test@example.com [23/Dec/2025:22:29:12 +0000] \"GET /health HTTP/1.1\" 200 74 \"-\" \"HTTPie\"","service":"acquisitions-api"}
{"level":"info","message":"::1 - test@example.com [23/Dec/2025:22:29:43 +0000] \"GET /health HTTP/1.1\" 200 76 \"-\" \"HTTPie\"","service":"acquisitions-api"}
{"level":"info","message":"::1 - test@example.com [23/Dec/2025:22:29:43 +0000] \"GET /health HTTP/1.1\" 200 77 \"-\" \"HTTPie\"","service":"acquisitions-api"}
{"level":"info","message":"::1 - test@example.com [23/Dec/2025:22:29:44 +0000] \"GET /health HTTP/1.1\" 200 77 \"-\" \"HTTPie\"","service":"acquisitions-api"}
{"level":"info","message":"::1 - test@example.com [23/Dec/2025:22:29:44 +0000] \"GET /health HTTP/1.1\" 200 77 \"-\" \"HTTPie\"","service":"acquisitions-api"}
{"level":"info","message":"::1 - test@example.com [23/Dec/2025:22:29:44 +0000] \"GET /health HTTP/1.1\" 200 77 \"-\" \"HTTPie\"","service":"acquisitions-api"}
{"level":"info","message":"::1 - test@example.com [23/Dec/2025:22:29:44 +0000] \"GET /health HTTP/1.1\" 200 76 \"-\" \"HTTPie\"","service":"acquisitions-api"}
{"level":"info","message":"::1 - test@example.com [23/Dec/2025:22:29:44 +0000] \"GET /health HTTP/1.1\" 200 77 \"-\" \"HTTPie\"","service":"acquisitions-api"}
{"level":"info","message":"::1 - test@example.com [23/Dec/2025:22:29:45 +0000] \"GET /health HTTP/1.1\" 200 77 \"-\" \"HTTPie\"","service":"acquisitions-api"}
{"level":"info","message":"::1 - test@example.com [23/Dec/2025:22:29:45 +0000] \"GET /health HTTP/1.1\" 200 77 \"-\" \"HTTPie\"","service":"acquisitions-api"}
{"level":"info","message":"::1 - test@example.com [23/Dec/2025:22:29:45 +0000] \"GET /health HTTP/1.1\" 200 77 \"-\" \"HTTPie\"","service":"acquisitions-api"}
{"level":"info","message":"::1 - test@example.com [23/Dec/2025:22:29:46 +0000] \"GET /health HTTP/1.1\" 200 77 \"-\" \"HTTPie\"","service":"acquisitions-api"}
{"level":"info","message":"::1 - test@example.com [23/Dec/2025:22:29:46 +0000] \"GET /health HTTP/1.1\" 200 77 \"-\" \"HTTPie\"","service":"acquisitions-api"}
{"level":"info","message":"::1 - test@example.com [23/Dec/2025:22:29:46 +0000] \"GET /health HTTP/1.1\" 200 77 \"-\" \"HTTPie\"","service":"acquisitions-api"}
{"level":"info","message":"::1 - test@example.com [23/Dec/2025:22:29:46 +0000] \"GET /health HTTP/1.1\" 200 75 \"-\" \"HTTPie\"","service":"acquisitions-api"}
{"level":"info","message":"::1 - test@example.com [23/Dec/2025:22:29:46 +0000] \"GET /health HTTP/1.1\" 200 74 \"-\" \"HTTPie\"","service":"acquisitions-api"}
{"level":"info","message":"::1 - test@example.com [23/Dec/2025:22:29:47 +0000] \"GET /health HTTP/1.1\" 200 77 \"-\" \"HTTPie\"","service":"acquisitions-api"}
{"ip":"::ffff:192.168.65.1","level":"warn","message":"Bot request blocked","path":"/health","service":"acquisitions-api","userAgent":"curl/8.7.1"}
{"level":"info","message":"::ffff:192.168.65.1 - - [23/Dec/2025:23:34:44 +0000] \"GET /health HTTP/1.1\" 403 68 \"-\" \"curl/8.7.1\"","service":"acquisitions-api"}
{"ip":"::ffff:192.168.65.1","level":"warn","message":"Bot request blocked","path":"/","service":"acquisitions-api","userAgent":"Mozilla/5.0 (Macintosh; Intel Mac OS X 10_15_7)"}
{"level":"info","message":"::ffff:192.168.65.1 - - [23/Dec/2025:23:34:55 +0000] \"GET / HTTP/1.1\" 403 68 \"-\" \"Mozilla/5.0 (Macintosh; Intel Mac OS X 10_15_7)\"","service":"acquisitions-api"}
{"level":"info","message":"Hello there!","service":"acquisitions-api"}
{"level":"info","message":"::ffff:192.168.65.1 - - [23/Dec/2025:23:36:50 +0000] \"GET / HTTP/1.1\" 200 12 \"-\" \"curl/8.7.1\"","service":"acquisitions-api"}
{"level":"info","message":"::ffff:192.168.65.1 - - [23/Dec/2025:23:39:48 +0000] \"GET /health HTTP/1.1\" 200 76 \"-\" \"curl/8.7.1\"","service":"acquisitions-api"}
{"level":"info","message":"Hello there!","service":"acquisitions-api"}
{"level":"info","message":"::ffff:192.168.65.1 - - [23/Dec/2025:23:40:06 +0000] \"GET / HTTP/1.1\" 200 12 \"-\" \"curl/8.7.1\"","service":"acquisitions-api"}
{"level":"info","message":"::ffff:192.168.65.1 - - [23/Dec/2025:23:40:14 +0000] \"GET /health HTTP/1.1\" 200 77 \"-\" \"curl/8.7.1\"","service":"acquisitions-api"}
{"level":"info","message":"::ffff:192.168.65.1 - - [23/Dec/2025:23:40:23 +0000] \"GET /api HTTP/1.1\" 200 28 \"-\" \"curl/8.7.1\"","service":"acquisitions-api"}
{"email":"test@example.com","level":"info","message":"SignIn request body:","password":"password123","service":"acquisitions-api"}
{"level":"error","message":"Error authenticating user: Error: Failed query: select \"id\", \"name\", \"email\", \"password\", \"role\", \"created_at\", \"updated_at\" from \"users\" where \"users\".\"email\" = $1 limit $2\nparams: test@example.com,1","service":"acquisitions-api"}
{"cause":{"name":"NeonDbError","sourceError":{}},"level":"error","message":"Sign in error Failed query: select \"id\", \"name\", \"email\", \"password\", \"role\", \"created_at\", \"updated_at\" from \"users\" where \"users\".\"email\" = $1 limit $2\nparams: test@example.com,1","params":["test@example.com",1],"query":"select \"id\", \"name\", \"email\", \"password\", \"role\", \"created_at\", \"updated_at\" from \"users\" where \"users\".\"email\" = $1 limit $2","service":"acquisitions-api","stack":"Error: Failed query: select \"id\", \"name\", \"email\", \"password\", \"role\", \"created_at\", \"updated_at\" from \"users\" where \"users\".\"email\" = $1 limit $2\nparams: test@example.com,1\n    at NeonHttpPreparedQuery.queryWithCache (file:///usr/src/app/node_modules/drizzle-orm/pg-core/session.js:41:15)\n    at process.processTicksAndRejections (node:internal/process/task_queues:95:5)\n    at async NeonHttpPreparedQuery.execute (file:///usr/src/app/node_modules/drizzle-orm/neon-http/session.js:45:20)\n    at async authenticateUser (file:///usr/src/app/src/services/auth.service.js:59:28)\n    at async signIn (file:///usr/src/app/src/controller/auth.controller.js:66:18)"}
{"level":"info","message":"::ffff:192.168.65.1 - - [23/Dec/2025:23:40:32 +0000] \"POST /api/auth/sign-in HTTP/1.1\" 500 952 \"-\" \"curl/8.7.1\"","service":"acquisitions-api"}
{"email":"test@example.com","level":"info","message":"SignIn request body:","password":"password123","service":"acquisitions-api"}
{"level":"error","message":"Error authenticating user: Error: Failed query: select \"id\", \"name\", \"email\", \"password\", \"role\", \"created_at\", \"updated_at\" from \"users\" where \"users\".\"email\" = $1 limit $2\nparams: test@example.com,1","service":"acquisitions-api"}
{"cause":{"name":"NeonDbError","sourceError":{}},"level":"error","message":"Sign in error Failed query: select \"id\", \"name\", \"email\", \"password\", \"role\", \"created_at\", \"updated_at\" from \"users\" where \"users\".\"email\" = $1 limit $2\nparams: test@example.com,1","params":["test@example.com",1],"query":"select \"id\", \"name\", \"email\", \"password\", \"role\", \"created_at\", \"updated_at\" from \"users\" where \"users\".\"email\" = $1 limit $2","service":"acquisitions-api","stack":"Error: Failed query: select \"id\", \"name\", \"email\", \"password\", \"role\", \"created_at\", \"updated_at\" from \"users\" where \"users\".\"email\" = $1 limit $2\nparams: test@example.com,1\n    at NeonHttpPreparedQuery.queryWithCache (file:///usr/src/app/node_modules/drizzle-orm/pg-core/session.js:41:15)\n    at process.processTicksAndRejections (node:internal/process/task_queues:95:5)\n    at async NeonHttpPreparedQuery.execute (file:///usr/src/app/node_modules/drizzle-orm/neon-http/session.js:45:20)\n    at async authenticateUser (file:///usr/src/app/src/services/auth.service.js:59:28)\n    at async signIn (file:///usr/src/app/src/controller/auth.controller.js:66:18)"}
{"level":"info","message":"::ffff:192.168.65.1 - - [23/Dec/2025:23:43:10 +0000] \"POST /api/auth/sign-in HTTP/1.1\" 500 952 \"-\" \"curl/8.7.1\"","service":"acquisitions-api"}
{"level":"error","message":"Error creating the user: Error: Failed query: select \"id\", \"name\", \"email\", \"password\", \"role\", \"created_at\", \"updated_at\" from \"users\" where \"users\".\"email\" = $1 limit $2\nparams: test@example.com,1","service":"acquisitions-api"}
{"cause":{"name":"NeonDbError","sourceError":{}},"level":"error","message":"Signup error Failed query: select \"id\", \"name\", \"email\", \"password\", \"role\", \"created_at\", \"updated_at\" from \"users\" where \"users\".\"email\" = $1 limit $2\nparams: test@example.com,1","params":["test@example.com",1],"query":"select \"id\", \"name\", \"email\", \"password\", \"role\", \"created_at\", \"updated_at\" from \"users\" where \"users\".\"email\" = $1 limit $2","service":"acquisitions-api","stack":"Error: Failed query: select \"id\", \"name\", \"email\", \"password\", \"role\", \"created_at\", \"updated_at\" from \"users\" where \"users\".\"email\" = $1 limit $2\nparams: test@example.com,1\n    at NeonHttpPreparedQuery.queryWithCache (file:///usr/src/app/node_modules/drizzle-orm/pg-core/session.js:41:15)\n    at process.processTicksAndRejections (node:internal/process/task_queues:95:5)\n    at async NeonHttpPreparedQuery.execute (file:///usr/src/app/node_modules/drizzle-orm/neon-http/session.js:45:20)\n    at async createUser (file:///usr/src/app/src/services/auth.service.js:27:26)\n    at async signup (file:///usr/src/app/src/controller/auth.controller.js:21:18)"}
{"level":"info","message":"::ffff:192.168.65.1 - - [23/Dec/2025:23:43:22 +0000] \"POST /api/auth/sign-up HTTP/1.1\" 500 946 \"-\" \"curl/8.7.1\"","service":"acquisitions-api"}
{"level":"error","message":"Error creating the user: Error: Failed query: select \"id\", \"name\", \"email\", \"password\", \"role\", \"created_at\", \"updated_at\" from \"users\" where \"users\".\"email\" = $1 limit $2\nparams: test@example.com,1","service":"acquisitions-api"}
{"cause":{"name":"NeonDbError","sourceError":{}},"level":"error","message":"Signup error Failed query: select \"id\", \"name\", \"email\", \"password\", \"role\", \"created_at\", \"updated_at\" from \"users\" where \"users\".\"email\" = $1 limit $2\nparams: test@example.com,1","params":["test@example.com",1],"query":"select \"id\", \"name\", \"email\", \"password\", \"role\", \"created_at\", \"updated_at\" from \"users\" where \"users\".\"email\" = $1 limit $2","service":"acquisitions-api","stack":"Error: Failed query: select \"id\", \"name\", \"email\", \"password\", \"role\", \"created_at\", \"updated_at\" from \"users\" where \"users\".\"email\" = $1 limit $2\nparams: test@example.com,1\n    at NeonHttpPreparedQuery.queryWithCache (file:///usr/src/app/node_modules/drizzle-orm/pg-core/session.js:41:15)\n    at process.processTicksAndRejections (node:internal/process/task_queues:95:5)\n    at async NeonHttpPreparedQuery.execute (file:///usr/src/app/node_modules/drizzle-orm/neon-http/session.js:45:20)\n    at async createUser (file:///usr/src/app/src/services/auth.service.js:27:26)\n    at async signup (file:///usr/src/app/src/controller/auth.controller.js:21:18)"}
{"level":"info","message":"::ffff:192.168.65.1 - - [23/Dec/2025:23:44:08 +0000] \"POST /api/auth/sign-up HTTP/1.1\" 500 946 \"-\" \"curl/8.7.1\"","service":"acquisitions-api"}
{"level":"error","message":"Error creating the user: Error: Failed query: select \"id\", \"name\", \"email\", \"password\", \"role\", \"created_at\", \"updated_at\" from \"users\" where \"users\".\"email\" = $1 limit $2\nparams: test@example.com,1","service":"acquisitions-api"}
{"cause":{"name":"NeonDbError","sourceError":{}},"level":"error","message":"Signup error Failed query: select \"id\", \"name\", \"email\", \"password\", \"role\", \"created_at\", \"updated_at\" from \"users\" where \"users\".\"email\" = $1 limit $2\nparams: test@example.com,1","params":["test@example.com",1],"query":"select \"id\", \"name\", \"email\", \"password\", \"role\", \"created_at\", \"updated_at\" from \"users\" where \"users\".\"email\" = $1 limit $2","service":"acquisitions-api","stack":"Error: Failed query: select \"id\", \"name\", \"email\", \"password\", \"role\", \"created_at\", \"updated_at\" from \"users\" where \"users\".\"email\" = $1 limit $2\nparams: test@example.com,1\n    at NeonHttpPreparedQuery.queryWithCache (file:///usr/src/app/node_modules/drizzle-orm/pg-core/session.js:41:15)\n    at process.processTicksAndRejections (node:internal/process/task_queues:95:5)\n    at async NeonHttpPreparedQuery.execute (file:///usr/src/app/node_modules/drizzle-orm/neon-http/session.js:45:20)\n    at async createUser (file:///usr/src/app/src/services/auth.service.js:27:26)\n    at async signup (file:///usr/src/app/src/controller/auth.controller.js:21:18)"}
{"level":"info","message":"::ffff:192.168.65.1 - - [23/Dec/2025:23:44:28 +0000] \"POST /api/auth/sign-up HTTP/1.1\" 500 946 \"-\" \"curl/8.7.1\"","service":"acquisitions-api"}
{"level":"info","message":"Hello there!","service":"acquisitions-api"}
{"level":"info","message":"::1 - - [23/Dec/2025:23:45:52 +0000] \"GET / HTTP/1.1\" 200 12 \"-\" \"curl/8.7.1\"","service":"acquisitions-api"}
{"level":"info","message":"User test@example.com created successfully","service":"acquisitions-api"}
{"level":"info","message":"User registered successfully: test@example.com","service":"acquisitions-api"}
{"level":"info","message":"::1 - - [23/Dec/2025:23:46:03 +0000] \"POST /api/auth/sign-up HTTP/1.1\" 201 105 \"-\" \"curl/8.7.1\"","service":"acquisitions-api"}
{"email":"test@example.com","level":"info","message":"SignIn request body:","password":"password123","service":"acquisitions-api"}
{"level":"info","message":"User test@example.com authenticated successfully","service":"acquisitions-api"}
{"level":"info","message":"User signed in successfully: test@example.com","service":"acquisitions-api"}
{"level":"info","message":"::1 - - [23/Dec/2025:23:46:11 +0000] \"POST /api/auth/sign-in HTTP/1.1\" 200 117 \"-\" \"curl/8.7.1\"","service":"acquisitions-api"}
